<?xml version="1.0" encoding="UTF-8"?>
<testng-results total="1" passed="1" failed="0" skipped="0">
  <reporter-output>
  </reporter-output>
  <suite started-at="2024-04-26T18:03:27Z" name="Default suite" finished-at="2024-04-26T18:03:33Z" duration-ms="5334">
    <groups>
    </groups>
    <test started-at="2024-04-26T18:03:27Z" name="Default test" finished-at="2024-04-26T18:03:33Z" duration-ms="5334">
      <class name="demotest.LoginTest1">
        <test-method is-config="true" signature="beforeTest()[pri:0, instance:demotest.LoginTest1@36060e]" started-at="2024-04-26T23:33:27Z" name="beforeTest" finished-at="2024-04-26T23:33:32Z" duration-ms="4472" status="PASS">
          <reporter-output>
          </reporter-output>
        </test-method> <!-- beforeTest -->
        <test-method signature="Test_valid_Login()[pri:0, instance:demotest.LoginTest1@36060e]" started-at="2024-04-26T23:33:32Z" name="Test_valid_Login" finished-at="2024-04-26T23:33:32Z" duration-ms="614" status="PASS">
          <reporter-output>
          </reporter-output>
        </test-method> <!-- Test_valid_Login -->
        <test-method is-config="true" signature="afterTest()[pri:0, instance:demotest.LoginTest1@36060e]" started-at="2024-04-26T23:33:32Z" name="afterTest" finished-at="2024-04-26T23:33:33Z" duration-ms="213" status="PASS">
          <reporter-output>
          </reporter-output>
        </test-method> <!-- afterTest -->
      </class> <!-- demotest.LoginTest1 -->
    </test> <!-- Default test -->
  </suite> <!-- Default suite -->
</testng-results>
